<?xml version="1.0" encoding="UTF-8"?>
<testng-results ignored="0" total="1" passed="1" failed="0" skipped="0">
  <reporter-output>
  </reporter-output>
  <suite started-at="2023-07-09T03:15:04 CDT" name="Default suite" finished-at="2023-07-09T03:15:09 CDT" duration-ms="5476">
    <groups>
    </groups>
    <test started-at="2023-07-09T03:15:04 CDT" name="Default test" finished-at="2023-07-09T03:15:09 CDT" duration-ms="5476">
      <class name="variousConcepts.LoginTest">
        <test-method is-config="true" signature="readCongfig()[pri:0, instance:variousConcepts.LoginTest@7674f035]" started-at="2023-07-09T03:15:04 CDT" name="readCongfig" finished-at="2023-07-09T03:15:04 CDT" duration-ms="15" status="PASS">
          <reporter-output>
          </reporter-output>
        </test-method> <!-- readCongfig -->
        <test-method is-config="true" signature="init()[pri:0, instance:variousConcepts.LoginTest@7674f035]" started-at="2023-07-09T03:15:04 CDT" name="init" finished-at="2023-07-09T03:15:06 CDT" duration-ms="2237" status="PASS">
          <reporter-output>
          </reporter-output>
        </test-method> <!-- init -->
        <test-method signature="login()[pri:0, instance:variousConcepts.LoginTest@7674f035]" started-at="2023-07-09T03:15:06 CDT" name="login" finished-at="2023-07-09T03:15:09 CDT" duration-ms="2943" status="PASS">
          <reporter-output>
          </reporter-output>
        </test-method> <!-- login -->
        <test-method is-config="true" signature="tearDown()[pri:0, instance:variousConcepts.LoginTest@7674f035]" started-at="2023-07-09T03:15:09 CDT" name="tearDown" finished-at="2023-07-09T03:15:09 CDT" duration-ms="269" status="PASS">
          <reporter-output>
          </reporter-output>
        </test-method> <!-- tearDown -->
      </class> <!-- variousConcepts.LoginTest -->
    </test> <!-- Default test -->
  </suite> <!-- Default suite -->
</testng-results>
